{"name": "test_links[https://www.seduce.nl/]", "status": "failed", "statusDetails": {"message": "Failed: Failed to load link: https://www.seduce.nl/, Step: Opening page. Error: Failed to load link: https://www.seduce.nl/, Step: Opening page\nassert 'escort' in 'Op Seduce.nl vindt je de beste dames voor sex afspraakjes'\n +  where 'Op Seduce.nl vindt je de beste dames voor sex afspraakjes' = <selenium.webdriver.chrome.webdriver.WebDriver (session=\"7afd7d5f2610a7d094d524abbde6e2e7\")>.title", "trace": "link = 'https://www.seduce.nl/'\n\n    @pytest.mark.parametrize(\"link\", get_links())\n    def test_links(link):\n        # Запускаем веб-браузер перед каждым тестом\n        driver = webdriver.Chrome()  # Укажите путь к исполняемому файлу браузера, если он отличается от Chrome\n    \n        try:\n            # Переходим по ссылке\n            driver.get(link)\n    \n            # Далее можно добавить какие-то проверки на содержимое страницы или другие действия\n            # Пример: Проверка, что заголовок страницы содержит определенный текст\n>           assert \"escort\" in driver.title, f\"Failed to load link: {link}, Step: Opening page\"\nE           AssertionError: Failed to load link: https://www.seduce.nl/, Step: Opening page\nE           assert 'escort' in 'Op Seduce.nl vindt je de beste dames voor sex afspraakjes'\nE            +  where 'Op Seduce.nl vindt je de beste dames voor sex afspraakjes' = <selenium.webdriver.chrome.webdriver.WebDriver (session=\"7afd7d5f2610a7d094d524abbde6e2e7\")>.title\n\ntests\\test_login.py:22: AssertionError\n\nDuring handling of the above exception, another exception occurred:\n\nlink = 'https://www.seduce.nl/'\n\n    @pytest.mark.parametrize(\"link\", get_links())\n    def test_links(link):\n        # Запускаем веб-браузер перед каждым тестом\n        driver = webdriver.Chrome()  # Укажите путь к исполняемому файлу браузера, если он отличается от Chrome\n    \n        try:\n            # Переходим по ссылке\n            driver.get(link)\n    \n            # Далее можно добавить какие-то проверки на содержимое страницы или другие действия\n            # Пример: Проверка, что заголовок страницы содержит определенный текст\n            assert \"escort\" in driver.title, f\"Failed to load link: {link}, Step: Opening page\"\n    \n        except Exception as e:\n            # Если произошла ошибка, добавляем ее в отчет pytest с указанием шага\n>           pytest.fail(f\"Failed to load link: {link}, Step: Opening page. Error: {e}\")\nE           Failed: Failed to load link: https://www.seduce.nl/, Step: Opening page. Error: Failed to load link: https://www.seduce.nl/, Step: Opening page\nE           assert 'escort' in 'Op Seduce.nl vindt je de beste dames voor sex afspraakjes'\nE            +  where 'Op Seduce.nl vindt je de beste dames voor sex afspraakjes' = <selenium.webdriver.chrome.webdriver.WebDriver (session=\"7afd7d5f2610a7d094d524abbde6e2e7\")>.title\n\ntests\\test_login.py:26: Failed"}, "parameters": [{"name": "link", "value": "'https://www.seduce.nl/'"}], "start": 1713551020552, "stop": 1713551033361, "uuid": "4018c491-46eb-421b-afdb-7f91a903ce61", "historyId": "9527542e28072a1f3a8f091893ed8d6e", "testCaseId": "a4341ef11e2e4da24bc665da71ba82f5", "fullName": "tests.test_login#test_links", "labels": [{"name": "parentSuite", "value": "tests"}, {"name": "suite", "value": "test_login"}, {"name": "host", "value": "DESKTOP-JF1URL0"}, {"name": "thread", "value": "17220-MainThread"}, {"name": "framework", "value": "pytest"}, {"name": "language", "value": "cpython3"}, {"name": "package", "value": "tests.test_login"}]}